
Showing logs for build [32mcb-kubecd-environment-pr-211-11-dh746-1[0m stage [32mfrom-build-pack[0m and container [32mstep-credential-initializer-948ls[0m
{"level":"info","ts":1588171207.183098,"logger":"fallback-logger","caller":"logging/config.go:69","msg":"Fetch GitHub commit ID from kodata failed: open /var/run/ko/refs/heads/0.8.0-ns-support: no such file or directory"}
{"level":"info","ts":1588171207.183941,"logger":"fallback-logger","caller":"creds-init/main.go:40","msg":"Credentials initialized."}

Showing logs for build [32mcb-kubecd-environment-pr-211-11-dh746-1[0m stage [32mfrom-build-pack[0m and container [32mstep-working-dir-initializer-jh2w4[0m
{"level":"info","ts":1588171208.1798677,"logger":"fallback-logger","caller":"logging/config.go:69","msg":"Fetch GitHub commit ID from kodata failed: open /var/run/ko/HEAD: no such file or directory"}
{"level":"info","ts":1588171208.1853278,"logger":"fallback-logger","caller":"bash/main.go:64","msg":"Successfully executed command \"sh -c mkdir -p /workspace/source\"; output "}

Showing logs for build [32mcb-kubecd-environment-pr-211-11-dh746-1[0m stage [32mfrom-build-pack[0m and container [32mstep-place-tools[0m

Showing logs for build [32mcb-kubecd-environment-pr-211-11-dh746-1[0m stage [32mfrom-build-pack[0m and container [32mstep-git-source-cb-kubecd-environment-pr-211-11-dh746-s95f5[0m
{"level":"info","ts":1588171211.2637572,"logger":"fallback-logger","caller":"logging/config.go:69","msg":"Fetch GitHub commit ID from kodata failed: open /var/run/ko/refs/heads/0.8.0-ns-support: no such file or directory"}
{"level":"info","ts":1588171212.3329732,"logger":"fallback-logger","caller":"git/git.go:103","msg":"Successfully cloned https://github.com/cb-kubecd/environment-pr-211-11-boot-gke-production.git @ master in path /workspace/source"}

Showing logs for build [32mcb-kubecd-environment-pr-211-11-dh746-1[0m stage [32mfrom-build-pack[0m and container [32mstep-git-merge[0m
Using SHAs from PULL_REFS=master:c6d733a034a67c202c71ecd570b52993b660d116,1:76f6de869e571789c4f27f5b88c23c5452eed48b
DEBUG: LC_ALL=C JX_LOG_LEVEL=error git fetch origin --unshallow 76f6de869e571789c4f27f5b88c23c5452eed48b: c6d733a034a67c202c71ecd570b52993b660d116:
DEBUG: ran git fetch --unshallow origin 76f6de869e571789c4f27f5b88c23c5452eed48b: c6d733a034a67c202c71ecd570b52993b660d116: in 
DEBUG: LC_ALL=C JX_LOG_LEVEL=error git branch
DEBUG: LC_ALL=C JX_LOG_LEVEL=error git checkout master
DEBUG: ran git checkout master in 
DEBUG: LC_ALL=C JX_LOG_LEVEL=error git reset --hard c6d733a034a67c202c71ecd570b52993b660d116
DEBUG: ran git reset --hard c6d733a034a67c202c71ecd570b52993b660d116 in 
DEBUG: LC_ALL=C JX_LOG_LEVEL=error git clean -fd .
DEBUG: ran clean --force -d . in 
DEBUG: LC_ALL=C JX_LOG_LEVEL=error git merge 76f6de869e571789c4f27f5b88c23c5452eed48b
DEBUG: ran git merge 76f6de869e571789c4f27f5b88c23c5452eed48b in 
DEBUG: LC_ALL=C JX_LOG_LEVEL=error git log --format=%H%x1f%an%x1f%ae%x1f%cn%x1f%ce%x1f%s%n%b%x1e c6d733a034a67c202c71ecd570b52993b660d116..HEAD
Merged SHA 76f6de869e571789c4f27f5b88c23c5452eed48b with commit message 'chore: Promote bdd-spring-1588170317 to version 0.0.1' into base branch master

Showing logs for build [32mcb-kubecd-environment-pr-211-11-dh746-1[0m stage [32mfrom-build-pack[0m and container [32mstep-build-helm-build[0m
WARNING: No $CHART_REPOSITORY defined so using the default value of: http://jenkins-x-chartmuseum:8080
Adding missing Helm repo: storage.googleapis.com https://storage.googleapis.com/chartmuseum.jenkins-x.io
WARNING: No secrets found on "helm/repos" due: reading the secret "helm/repos" from vault: no secret "helm/repos" not found in vault
Read credentials for https://storage.googleapis.com/chartmuseum.jenkins-x.io from vault helm/repos
Successfully added Helm repository storage.googleapis.com.
Adding missing Helm repo: jenkins-x-chartmuseum http://jenkins-x-chartmuseum:8080
WARNING: No secrets found on "helm/repos" due: reading the secret "helm/repos" from vault: no secret "helm/repos" not found in vault
Read credentials for http://jenkins-x-chartmuseum:8080 from vault helm/repos
Successfully added Helm repository jenkins-x-chartmuseum.
WARNING: No $CHART_REPOSITORY defined so using the default value of: http://jenkins-x-chartmuseum:8080
Adding missing Helm repo: chartmuseum.jenkins-x.io http://chartmuseum.jenkins-x.io
WARNING: No secrets found on "helm/repos" due: reading the secret "helm/repos" from vault: no secret "helm/repos" not found in vault
Read credentials for http://chartmuseum.jenkins-x.io from vault helm/repos
Successfully added Helm repository chartmuseum.jenkins-x.io.
